Starting consumer for type2
Published type3: New event of type3
Consumed type2: New event of type3
Published type2: New event of type2
Published type1: New event of type1
Published type1: New event of type1
Published type2: New event of type2
Published type1: New event of type1
Published type3: New event of type3
Published type1: New event of type1
Published type1: New event of type1
Published type1: New event of type1
Published type3: New event of type3
Published type2: New event of type2
Published type3: New event of type3
Published type1: New event of type1
Published type1: New event of type1
Published type1: New event of type1
Published type3: New event of type3
Published type1: New event of type1
Published type2: New event of type2
Published type1: New event of type1
Published type1: New event of type1
Starting consumer for firstEvent
Published thirdEvent: New event of thirdEvent
Consumed firstEvent: New event of thirdEvent
Published secondEvent: New event of secondEvent
Published firstEvent: New event of firstEvent
Published firstEvent: New event of firstEvent
Published firstEvent: New event of firstEvent
Published thirdEvent: New event of thirdEvent
Published firstEvent: New event of firstEvent
Published secondEvent: New event of secondEvent
Published firstEvent: New event of firstEvent
Published firstEvent: New event of firstEvent
Published secondEvent: New event of secondEvent
Published thirdEvent: New event of thirdEvent
Published firstEvent: New event of firstEvent
Published firstEvent: New event of firstEvent
Published firstEvent: New event of firstEvent
Published secondEvent: New event of secondEvent
Published firstEvent: New event of firstEvent
Published secondEvent: New event of secondEvent
Published firstEvent: New event of firstEvent
Published firstEvent: New event of firstEvent
Published thirdEvent: New event of thirdEvent
Published secondEvent: New event of secondEvent
Published firstEvent: New event of firstEvent
Published firstEvent: New event of firstEvent
Published firstEvent: New event of firstEvent
Published secondEvent: New event of secondEvent
Published secondEvent: New event of secondEvent
Published thirdEvent: New event of thirdEvent
Published firstEvent: New event of firstEvent
Published firstEvent: New event of firstEvent
Published firstEvent: New event of firstEvent
Published secondEvent: New event of secondEvent
Published thirdEvent: New event of thirdEvent
Published firstEvent: New event of firstEvent
Published firstEvent: New event of firstEvent
Published firstEvent: New event of firstEvent
Published thirdEvent: New event of thirdEvent
Published secondEvent: New event of secondEvent
Published firstEvent: New event of firstEvent
Published firstEvent: New event of firstEvent
Published firstEvent: New event of firstEvent
Published thirdEvent: New event of thirdEvent
Published thirdEvent: New event of thirdEvent
Published firstEvent: New event of firstEvent
Published firstEvent: New event of firstEvent
Published firstEvent: New event of firstEvent
Published thirdEvent: New event of thirdEvent
Published secondEvent: New event of secondEvent
Published firstEvent: New event of firstEvent
Published firstEvent: New event of firstEvent
Published secondEvent: New event of secondEvent
Published firstEvent: New event of firstEvent
Published thirdEvent: New event of thirdEvent
Published thirdEvent: New event of thirdEvent
Published firstEvent: New event of firstEvent
Published firstEvent: New event of firstEvent
Published firstEvent: New event of firstEvent
Published thirdEvent: New event of thirdEvent
Published secondEvent: New event of secondEvent
Published firstEvent: New event of firstEvent
Published firstEvent: New event of firstEvent
Published firstEvent: New event of firstEvent
Published thirdEvent: New event of thirdEvent
Published secondEvent: New event of secondEvent
Published firstEvent: New event of firstEvent
Published firstEvent: New event of firstEvent
Published firstEvent: New event of firstEvent
Published secondEvent: New event of secondEvent
Published thirdEvent: New event of thirdEvent
Published thirdEvent: New event of thirdEvent
Published firstEvent: New event of firstEvent
Published firstEvent: New event of firstEvent
Published firstEvent: New event of firstEvent
Published secondEvent: New event of secondEvent
Published firstEvent: New event of firstEvent
Published firstEvent: New event of firstEvent
Published firstEvent: New event of firstEvent
Published secondEvent: New event of secondEvent
Published thirdEvent: New event of thirdEvent
Published secondEvent: New event of secondEvent
Published firstEvent: New event of firstEvent
Published firstEvent: New event of firstEvent
Published firstEvent: New event of firstEvent
Published thirdEvent: New event of thirdEvent
Published firstEvent: New event of firstEvent
Published firstEvent: New event of firstEvent
Published firstEvent: New event of firstEvent
Published secondEvent: New event of secondEvent
Published thirdEvent: New event of thirdEvent
Published firstEvent: New event of firstEvent
Published firstEvent: New event of firstEvent
Published firstEvent: New event of firstEvent
Published thirdEvent: New event of thirdEvent
Published thirdEvent: New event of thirdEvent
Starting consumer for firstEvent
Published firstEvent: New event of firstEvent
Consumed firstEvent: New event of firstEvent
Consumed first event: New event of firstEvent
Published firstEvent: New event of firstEvent
Published firstEvent: New event of firstEvent
Consumed firstEvent: New event of firstEvent
Consumed first event: New event of firstEvent
Consumed firstEvent: New event of firstEvent
Consumed first event: New event of firstEvent
Published thirdEvent: New event of thirdEvent
Consumed firstEvent: New event of thirdEvent
Consumed first event: New event of thirdEvent
Published secondEvent: New event of secondEvent
Consumed firstEvent: New event of secondEvent
Consumed first event: New event of secondEvent
Published firstEvent: New event of firstEvent
Consumed firstEvent: New event of firstEvent
Consumed first event: New event of firstEvent
Published firstEvent: New event of firstEvent
Consumed firstEvent: New event of firstEvent
Consumed first event: New event of firstEvent
Published firstEvent: New event of firstEvent
Consumed firstEvent: New event of firstEvent
Consumed first event: New event of firstEvent
Published secondEvent: New event of secondEvent
Consumed firstEvent: New event of secondEvent
Consumed first event: New event of secondEvent
Published thirdEvent: New event of thirdEvent
Consumed firstEvent: New event of thirdEvent
Consumed first event: New event of thirdEvent
Published firstEvent: New event of firstEvent
Consumed firstEvent: New event of firstEvent
Consumed first event: New event of firstEvent
Published firstEvent: New event of firstEvent
Consumed firstEvent: New event of firstEvent
Consumed first event: New event of firstEvent
Published firstEvent: New event of firstEvent
Consumed firstEvent: New event of firstEvent
Consumed first event: New event of firstEvent
Starting consumer for firstEvent
Published firstEvent: New event of firstEvent
Consumed firstEvent: New event of firstEvent
Consumed first event: New event of firstEvent
Published firstEvent: New event of firstEvent
Published firstEvent: New event of firstEvent
Consumed firstEvent: New event of firstEvent
Consumed first event: New event of firstEvent
Consumed firstEvent: New event of firstEvent
Consumed first event: New event of firstEvent
Published secondEvent: New event of secondEvent
Consumed firstEvent: New event of secondEvent
Consumed first event: New event of secondEvent
Published secondEvent: New event of secondEvent
Consumed firstEvent: New event of secondEvent
Consumed first event: New event of secondEvent
Published thirdEvent: New event of thirdEvent
Consumed firstEvent: New event of thirdEvent
Consumed first event: New event of thirdEvent
Published firstEvent: New event of firstEvent
Consumed firstEvent: New event of firstEvent
Consumed first event: New event of firstEvent
Published firstEvent: New event of firstEvent
Published firstEvent: New event of firstEvent
Consumed firstEvent: New event of firstEvent
Consumed first event: New event of firstEvent
Consumed firstEvent: New event of firstEvent
Consumed first event: New event of firstEvent
Published thirdEvent: New event of thirdEvent
Consumed firstEvent: New event of thirdEvent
Consumed first event: New event of thirdEvent
Published secondEvent: New event of secondEvent
Consumed firstEvent: New event of secondEvent
Consumed first event: New event of secondEvent
Published thirdEvent: New event of thirdEvent
Consumed firstEvent: New event of thirdEvent
Consumed first event: New event of thirdEvent
Published firstEvent: New event of firstEvent
Consumed firstEvent: New event of firstEvent
Consumed first event: New event of firstEvent
Published firstEvent: New event of firstEvent
Published firstEvent: New event of firstEvent
Consumed firstEvent: New event of firstEvent
Consumed first event: New event of firstEvent
Consumed firstEvent: New event of firstEvent
Consumed first event: New event of firstEvent
Published firstEvent: New event of firstEvent
Consumed firstEvent: New event of firstEvent
Consumed first event: New event of firstEvent
Published firstEvent: New event of firstEvent
Consumed firstEvent: New event of firstEvent
Consumed first event: New event of firstEvent
Published firstEvent: New event of firstEvent
Consumed firstEvent: New event of firstEvent
Consumed first event: New event of firstEvent
Published secondEvent: New event of secondEvent
Consumed firstEvent: New event of secondEvent
Consumed first event: New event of secondEvent
Published thirdEvent: New event of thirdEvent
Consumed firstEvent: New event of thirdEvent
Consumed first event: New event of thirdEvent
Published secondEvent: New event of secondEvent
Consumed firstEvent: New event of secondEvent
Consumed first event: New event of secondEvent
Published thirdEvent: New event of thirdEvent
Consumed firstEvent: New event of thirdEvent
Consumed first event: New event of thirdEvent
Published firstEvent: New event of firstEvent
Consumed firstEvent: New event of firstEvent
Consumed first event: New event of firstEvent
Published firstEvent: New event of firstEvent
Consumed firstEvent: New event of firstEvent
Consumed first event: New event of firstEvent
Published firstEvent: New event of firstEvent
Consumed firstEvent: New event of firstEvent
Consumed first event: New event of firstEvent
Published secondEvent: New event of secondEvent
Consumed firstEvent: New event of secondEvent
Consumed first event: New event of secondEvent
Published secondEvent: New event of secondEvent
Consumed firstEvent: New event of secondEvent
Consumed first event: New event of secondEvent
Published firstEvent: New event of firstEvent
Consumed firstEvent: New event of firstEvent
Consumed first event: New event of firstEvent
Published firstEvent: New event of firstEvent
Consumed firstEvent: New event of firstEvent
Consumed first event: New event of firstEvent
Published firstEvent: New event of firstEvent
Consumed firstEvent: New event of firstEvent
Consumed first event: New event of firstEvent
Published secondEvent: New event of secondEvent
Consumed firstEvent: New event of secondEvent
Consumed first event: New event of secondEvent
Published thirdEvent: New event of thirdEvent
Consumed firstEvent: New event of thirdEvent
Consumed first event: New event of thirdEvent
Published firstEvent: New event of firstEvent
Consumed firstEvent: New event of firstEvent
Consumed first event: New event of firstEvent
Published firstEvent: New event of firstEvent
Consumed firstEvent: New event of firstEvent
Consumed first event: New event of firstEvent
Published firstEvent: New event of firstEvent
Consumed firstEvent: New event of firstEvent
Consumed first event: New event of firstEvent
Published secondEvent: New event of secondEvent
Consumed firstEvent: New event of secondEvent
Consumed first event: New event of secondEvent
Published thirdEvent: New event of thirdEvent
Consumed firstEvent: New event of thirdEvent
Consumed first event: New event of thirdEvent
Published firstEvent: New event of firstEvent
Consumed firstEvent: New event of firstEvent
Consumed first event: New event of firstEvent
Published firstEvent: New event of firstEvent
Consumed firstEvent: New event of firstEvent
Consumed first event: New event of firstEvent
Published firstEvent: New event of firstEvent
Consumed firstEvent: New event of firstEvent
Consumed first event: New event of firstEvent
Published thirdEvent: New event of thirdEvent
Consumed firstEvent: New event of thirdEvent
Consumed first event: New event of thirdEvent
Published secondEvent: New event of secondEvent
Consumed firstEvent: New event of secondEvent
Consumed first event: New event of secondEvent
Published firstEvent: New event of firstEvent
Consumed firstEvent: New event of firstEvent
Consumed first event: New event of firstEvent
Published firstEvent: New event of firstEvent
Consumed firstEvent: New event of firstEvent
Consumed first event: New event of firstEvent
Published firstEvent: New event of firstEvent
Consumed firstEvent: New event of firstEvent
Consumed first event: New event of firstEvent
Published secondEvent: New event of secondEvent
Consumed firstEvent: New event of secondEvent
Consumed first event: New event of secondEvent
Published thirdEvent: New event of thirdEvent
Consumed firstEvent: New event of thirdEvent
Consumed first event: New event of thirdEvent
Published firstEvent: New event of firstEvent
Consumed firstEvent: New event of firstEvent
Consumed first event: New event of firstEvent
Published firstEvent: New event of firstEvent
Consumed firstEvent: New event of firstEvent
Consumed first event: New event of firstEvent
Consumed firstEvent: New event of firstEvent
Published firstEvent: New event of firstEvent
Consumed first event: New event of firstEvent
Published secondEvent: New event of secondEvent
Consumed firstEvent: New event of secondEvent
Consumed first event: New event of secondEvent
Published firstEvent: New event of firstEvent
Consumed firstEvent: New event of firstEvent
Consumed first event: New event of firstEvent
Published firstEvent: New event of firstEvent
Consumed firstEvent: New event of firstEvent
Consumed first event: New event of firstEvent
Published firstEvent: New event of firstEvent
Consumed firstEvent: New event of firstEvent
Consumed first event: New event of firstEvent
Published thirdEvent: New event of thirdEvent
Consumed firstEvent: New event of thirdEvent
Consumed first event: New event of thirdEvent
Published firstEvent: New event of firstEvent
Consumed firstEvent: New event of firstEvent
Consumed first event: New event of firstEvent
Published firstEvent: New event of firstEvent
Consumed firstEvent: New event of firstEvent
Consumed first event: New event of firstEvent
Published firstEvent: New event of firstEvent
Consumed firstEvent: New event of firstEvent
Consumed first event: New event of firstEvent
Published secondEvent: New event of secondEvent
Consumed firstEvent: New event of secondEvent
Consumed first event: New event of secondEvent
Published secondEvent: New event of secondEvent
Published thirdEvent: New event of thirdEvent
Consumed firstEvent: New event of secondEvent
Consumed first event: New event of secondEvent
Consumed firstEvent: New event of thirdEvent
Consumed first event: New event of thirdEvent
Published firstEvent: New event of firstEvent
Consumed firstEvent: New event of firstEvent
Consumed first event: New event of firstEvent
Published firstEvent: New event of firstEvent
Consumed firstEvent: New event of firstEvent
Consumed first event: New event of firstEvent
Published firstEvent: New event of firstEvent
Consumed firstEvent: New event of firstEvent
Consumed first event: New event of firstEvent
Published thirdEvent: New event of thirdEvent
Consumed firstEvent: New event of thirdEvent
Consumed first event: New event of thirdEvent
Published secondEvent: New event of secondEvent
Consumed firstEvent: New event of secondEvent
Consumed first event: New event of secondEvent
Published firstEvent: New event of firstEvent
Consumed firstEvent: New event of firstEvent
Published firstEvent: New event of firstEvent
Consumed first event: New event of firstEvent
Consumed firstEvent: New event of firstEvent
Consumed first event: New event of firstEvent
Published firstEvent: New event of firstEvent
Consumed firstEvent: New event of firstEvent
Consumed first event: New event of firstEvent
Published thirdEvent: New event of thirdEvent
Consumed firstEvent: New event of thirdEvent
Consumed first event: New event of thirdEvent
Published firstEvent: New event of firstEvent
Consumed firstEvent: New event of firstEvent
Consumed first event: New event of firstEvent
Published firstEvent: New event of firstEvent
Consumed firstEvent: New event of firstEvent
Consumed first event: New event of firstEvent
Published firstEvent: New event of firstEvent
Consumed firstEvent: New event of firstEvent
Consumed first event: New event of firstEvent
Published secondEvent: New event of secondEvent
Published thirdEvent: New event of thirdEvent
Consumed firstEvent: New event of secondEvent
Consumed first event: New event of secondEvent
Consumed firstEvent: New event of thirdEvent
Consumed first event: New event of thirdEvent
Published firstEvent: New event of firstEvent
Consumed firstEvent: New event of firstEvent
Consumed first event: New event of firstEvent
Published firstEvent: New event of firstEvent
Consumed firstEvent: New event of firstEvent
Consumed first event: New event of firstEvent
Published firstEvent: New event of firstEvent
Consumed firstEvent: New event of firstEvent
Consumed first event: New event of firstEvent
Published thirdEvent: New event of thirdEvent
Consumed firstEvent: New event of thirdEvent
Consumed first event: New event of thirdEvent
Published secondEvent: New event of secondEvent
Consumed firstEvent: New event of secondEvent
Consumed first event: New event of secondEvent
Published firstEvent: New event of firstEvent
Consumed firstEvent: New event of firstEvent
Consumed first event: New event of firstEvent
Published firstEvent: New event of firstEvent
Consumed firstEvent: New event of firstEvent
Consumed first event: New event of firstEvent
Published firstEvent: New event of firstEvent
Consumed firstEvent: New event of firstEvent
Consumed first event: New event of firstEvent
Published thirdEvent: New event of thirdEvent
Consumed firstEvent: New event of thirdEvent
Consumed first event: New event of thirdEvent
Published firstEvent: New event of firstEvent
Consumed firstEvent: New event of firstEvent
Consumed first event: New event of firstEvent
Published firstEvent: New event of firstEvent
Consumed firstEvent: New event of firstEvent
Consumed first event: New event of firstEvent
Published firstEvent: New event of firstEvent
Consumed firstEvent: New event of firstEvent
Consumed first event: New event of firstEvent
Published secondEvent: New event of secondEvent
Consumed firstEvent: New event of secondEvent
Consumed first event: New event of secondEvent
Published firstEvent: New event of firstEvent
Consumed firstEvent: New event of firstEvent
Consumed first event: New event of firstEvent
Published firstEvent: New event of firstEvent
Consumed firstEvent: New event of firstEvent
Consumed first event: New event of firstEvent
Published firstEvent: New event of firstEvent
Consumed firstEvent: New event of firstEvent
Consumed first event: New event of firstEvent
Published thirdEvent: New event of thirdEvent
Consumed firstEvent: New event of thirdEvent
Consumed first event: New event of thirdEvent
Published secondEvent: New event of secondEvent
Consumed firstEvent: New event of secondEvent
Consumed first event: New event of secondEvent
Published secondEvent: New event of secondEvent
Consumed firstEvent: New event of secondEvent
Consumed first event: New event of secondEvent
Published thirdEvent: New event of thirdEvent
Consumed firstEvent: New event of thirdEvent
Consumed first event: New event of thirdEvent
Published firstEvent: New event of firstEvent
Consumed firstEvent: New event of firstEvent
Consumed first event: New event of firstEvent
Published firstEvent: New event of firstEvent
Consumed firstEvent: New event of firstEvent
Consumed first event: New event of firstEvent
Published firstEvent: New event of firstEvent
Consumed firstEvent: New event of firstEvent
Consumed first event: New event of firstEvent
Published thirdEvent: New event of thirdEvent
Consumed firstEvent: New event of thirdEvent
Consumed first event: New event of thirdEvent
Published secondEvent: New event of secondEvent
Consumed firstEvent: New event of secondEvent
Consumed first event: New event of secondEvent
Published thirdEvent: New event of thirdEvent
Consumed firstEvent: New event of thirdEvent
Consumed first event: New event of thirdEvent
Published firstEvent: New event of firstEvent
Consumed firstEvent: New event of firstEvent
Consumed first event: New event of firstEvent
Published firstEvent: New event of firstEvent
Consumed firstEvent: New event of firstEvent
Consumed first event: New event of firstEvent
Published firstEvent: New event of firstEvent
Consumed firstEvent: New event of firstEvent
Consumed first event: New event of firstEvent
Published firstEvent: New event of firstEvent
Published firstEvent: New event of firstEvent
Consumed firstEvent: New event of firstEvent
Published firstEvent: New event of firstEvent
Consumed first event: New event of firstEvent
Consumed firstEvent: New event of firstEvent
Consumed first event: New event of firstEvent
Consumed firstEvent: New event of firstEvent
Consumed first event: New event of firstEvent
Published secondEvent: New event of secondEvent
Consumed firstEvent: New event of secondEvent
Consumed first event: New event of secondEvent
Published thirdEvent: New event of thirdEvent
Consumed firstEvent: New event of thirdEvent
Consumed first event: New event of thirdEvent
Published secondEvent: New event of secondEvent
Consumed firstEvent: New event of secondEvent
Consumed first event: New event of secondEvent
Published secondEvent: New event of secondEvent
Consumed firstEvent: New event of secondEvent
Consumed first event: New event of secondEvent
Published firstEvent: New event of firstEvent
Published firstEvent: New event of firstEvent
Consumed firstEvent: New event of firstEvent
Published firstEvent: New event of firstEvent
Consumed first event: New event of firstEvent
Consumed firstEvent: New event of firstEvent
Consumed first event: New event of firstEvent
Consumed firstEvent: New event of firstEvent
Consumed first event: New event of firstEvent
Published thirdEvent: New event of thirdEvent
Consumed firstEvent: New event of thirdEvent
Consumed first event: New event of thirdEvent
Published secondEvent: New event of secondEvent
Consumed firstEvent: New event of secondEvent
Consumed first event: New event of secondEvent
Published secondEvent: New event of secondEvent
Consumed firstEvent: New event of secondEvent
Consumed first event: New event of secondEvent
Published secondEvent: New event of secondEvent
Consumed firstEvent: New event of secondEvent
Consumed first event: New event of secondEvent
Published firstEvent: New event of firstEvent
Consumed firstEvent: New event of firstEvent
Consumed first event: New event of firstEvent
Published firstEvent: New event of firstEvent
Published firstEvent: New event of firstEvent
Consumed firstEvent: New event of firstEvent
Consumed first event: New event of firstEvent
Consumed firstEvent: New event of firstEvent
Consumed first event: New event of firstEvent
Published thirdEvent: New event of thirdEvent
Consumed firstEvent: New event of thirdEvent
Consumed first event: New event of thirdEvent
Published firstEvent: New event of firstEvent
Consumed firstEvent: New event of firstEvent
Consumed first event: New event of firstEvent
Published firstEvent: New event of firstEvent
Consumed firstEvent: New event of firstEvent
Consumed first event: New event of firstEvent
Published firstEvent: New event of firstEvent
Published secondEvent: New event of secondEvent
Consumed firstEvent: New event of firstEvent
Consumed first event: New event of firstEvent
Consumed firstEvent: New event of secondEvent
Consumed first event: New event of secondEvent
Published thirdEvent: New event of thirdEvent
Consumed firstEvent: New event of thirdEvent
Consumed first event: New event of thirdEvent
Published thirdEvent: New event of thirdEvent
Consumed firstEvent: New event of thirdEvent
Consumed first event: New event of thirdEvent
Published secondEvent: New event of secondEvent
Consumed firstEvent: New event of secondEvent
Consumed first event: New event of secondEvent
Published firstEvent: New event of firstEvent
Consumed firstEvent: New event of firstEvent
Consumed first event: New event of firstEvent
Published firstEvent: New event of firstEvent
Consumed firstEvent: New event of firstEvent
Consumed first event: New event of firstEvent
Published firstEvent: New event of firstEvent
Consumed firstEvent: New event of firstEvent
Consumed first event: New event of firstEvent
Published thirdEvent: New event of thirdEvent
Consumed firstEvent: New event of thirdEvent
Consumed first event: New event of thirdEvent
Published firstEvent: New event of firstEvent
Consumed firstEvent: New event of firstEvent
Consumed first event: New event of firstEvent
Published firstEvent: New event of firstEvent
Consumed firstEvent: New event of firstEvent
Consumed first event: New event of firstEvent
Published firstEvent: New event of firstEvent
Consumed firstEvent: New event of firstEvent
Consumed first event: New event of firstEvent
Published secondEvent: New event of secondEvent
Consumed firstEvent: New event of secondEvent
Consumed first event: New event of secondEvent
Published thirdEvent: New event of thirdEvent
Consumed firstEvent: New event of thirdEvent
Consumed first event: New event of thirdEvent
Published secondEvent: New event of secondEvent
Consumed firstEvent: New event of secondEvent
Consumed first event: New event of secondEvent
Published firstEvent: New event of firstEvent
Consumed firstEvent: New event of firstEvent
Consumed first event: New event of firstEvent
Published firstEvent: New event of firstEvent
Consumed firstEvent: New event of firstEvent
Consumed first event: New event of firstEvent
Published firstEvent: New event of firstEvent
Consumed firstEvent: New event of firstEvent
Consumed first event: New event of firstEvent
Published secondEvent: New event of secondEvent
Consumed firstEvent: New event of secondEvent
Consumed first event: New event of secondEvent
Published thirdEvent: New event of thirdEvent
Consumed firstEvent: New event of thirdEvent
Consumed first event: New event of thirdEvent
Published firstEvent: New event of firstEvent
Consumed firstEvent: New event of firstEvent
Consumed first event: New event of firstEvent
Published firstEvent: New event of firstEvent
Consumed firstEvent: New event of firstEvent
Consumed first event: New event of firstEvent
Published firstEvent: New event of firstEvent
Consumed firstEvent: New event of firstEvent
Consumed first event: New event of firstEvent
Published secondEvent: New event of secondEvent
Consumed firstEvent: New event of secondEvent
Consumed first event: New event of secondEvent
Published firstEvent: New event of firstEvent
Consumed firstEvent: New event of firstEvent
Consumed first event: New event of firstEvent
Published firstEvent: New event of firstEvent
Consumed firstEvent: New event of firstEvent
Consumed first event: New event of firstEvent
Published firstEvent: New event of firstEvent
Consumed firstEvent: New event of firstEvent
Consumed first event: New event of firstEvent
Published thirdEvent: New event of thirdEvent
Consumed firstEvent: New event of thirdEvent
Consumed first event: New event of thirdEvent
Published secondEvent: New event of secondEvent
Consumed firstEvent: New event of secondEvent
Consumed first event: New event of secondEvent
Published thirdEvent: New event of thirdEvent
Consumed firstEvent: New event of thirdEvent
Consumed first event: New event of thirdEvent
Published secondEvent: New event of secondEvent
Consumed firstEvent: New event of secondEvent
Consumed first event: New event of secondEvent
Published firstEvent: New event of firstEvent
Consumed firstEvent: New event of firstEvent
Consumed first event: New event of firstEvent
Published firstEvent: New event of firstEvent
Consumed firstEvent: New event of firstEvent
Consumed first event: New event of firstEvent
Published firstEvent: New event of firstEvent
Published thirdEvent: New event of thirdEvent
Consumed firstEvent: New event of firstEvent
Consumed first event: New event of firstEvent
Consumed firstEvent: New event of thirdEvent
Consumed first event: New event of thirdEvent
Published secondEvent: New event of secondEvent
Consumed firstEvent: New event of secondEvent
Consumed first event: New event of secondEvent
Published firstEvent: New event of firstEvent
Consumed firstEvent: New event of firstEvent
Consumed first event: New event of firstEvent
Published firstEvent: New event of firstEvent
Consumed firstEvent: New event of firstEvent
Consumed first event: New event of firstEvent
Published firstEvent: New event of firstEvent
Consumed firstEvent: New event of firstEvent
Consumed first event: New event of firstEvent
Published secondEvent: New event of secondEvent
Consumed firstEvent: New event of secondEvent
Consumed first event: New event of secondEvent
Published thirdEvent: New event of thirdEvent
Consumed firstEvent: New event of thirdEvent
Consumed first event: New event of thirdEvent
Published secondEvent: New event of secondEvent
Consumed firstEvent: New event of secondEvent
Consumed first event: New event of secondEvent
Published firstEvent: New event of firstEvent
Consumed firstEvent: New event of firstEvent
Consumed first event: New event of firstEvent
Published firstEvent: New event of firstEvent
Consumed firstEvent: New event of firstEvent
Consumed first event: New event of firstEvent
Published firstEvent: New event of firstEvent
Consumed firstEvent: New event of firstEvent
Consumed first event: New event of firstEvent
Published thirdEvent: New event of thirdEvent
Consumed firstEvent: New event of thirdEvent
Consumed first event: New event of thirdEvent
Published secondEvent: New event of secondEvent
Consumed firstEvent: New event of secondEvent
Consumed first event: New event of secondEvent
Published firstEvent: New event of firstEvent
Consumed firstEvent: New event of firstEvent
Consumed first event: New event of firstEvent
Published firstEvent: New event of firstEvent
Consumed firstEvent: New event of firstEvent
Consumed first event: New event of firstEvent
Published firstEvent: New event of firstEvent
Consumed firstEvent: New event of firstEvent
Consumed first event: New event of firstEvent
Published thirdEvent: New event of thirdEvent
Consumed firstEvent: New event of thirdEvent
Consumed first event: New event of thirdEvent
Published secondEvent: New event of secondEvent
Consumed firstEvent: New event of secondEvent
Consumed first event: New event of secondEvent
Published firstEvent: New event of firstEvent
Consumed firstEvent: New event of firstEvent
Consumed first event: New event of firstEvent
Published firstEvent: New event of firstEvent
Consumed firstEvent: New event of firstEvent
Consumed first event: New event of firstEvent
Published firstEvent: New event of firstEvent
Consumed firstEvent: New event of firstEvent
Consumed first event: New event of firstEvent
Published thirdEvent: New event of thirdEvent
Consumed firstEvent: New event of thirdEvent
Consumed first event: New event of thirdEvent
Published firstEvent: New event of firstEvent
Consumed firstEvent: New event of firstEvent
Consumed first event: New event of firstEvent
Published firstEvent: New event of firstEvent
Published firstEvent: New event of firstEvent
Consumed firstEvent: New event of firstEvent
Consumed first event: New event of firstEvent
Published secondEvent: New event of secondEvent
Consumed firstEvent: New event of firstEvent
Consumed first event: New event of firstEvent
Consumed firstEvent: New event of secondEvent
Consumed first event: New event of secondEvent
Published thirdEvent: New event of thirdEvent
Consumed firstEvent: New event of thirdEvent
Consumed first event: New event of thirdEvent
Published firstEvent: New event of firstEvent
Consumed firstEvent: New event of firstEvent
Consumed first event: New event of firstEvent
Published firstEvent: New event of firstEvent
Published firstEvent: New event of firstEvent
Consumed firstEvent: New event of firstEvent
Consumed first event: New event of firstEvent
Consumed firstEvent: New event of firstEvent
Consumed first event: New event of firstEvent
Published secondEvent: New event of secondEvent
Consumed firstEvent: New event of secondEvent
Consumed first event: New event of secondEvent
Published thirdEvent: New event of thirdEvent
Published firstEvent: New event of firstEvent
Consumed firstEvent: New event of thirdEvent
Consumed first event: New event of thirdEvent
Consumed firstEvent: New event of firstEvent
Published firstEvent: New event of firstEvent
Published secondEvent: New event of secondEvent
Consumed first event: New event of firstEvent
Published firstEvent: New event of firstEvent
Consumed firstEvent: New event of firstEvent
Consumed first event: New event of firstEvent
Consumed firstEvent: New event of secondEvent
Consumed first event: New event of secondEvent
Consumed firstEvent: New event of firstEvent
Consumed first event: New event of firstEvent
Published secondEvent: New event of secondEvent
Consumed firstEvent: New event of secondEvent
Consumed first event: New event of secondEvent
Published firstEvent: New event of firstEvent
Consumed firstEvent: New event of firstEvent
Consumed first event: New event of firstEvent
Published firstEvent: New event of firstEvent
Consumed firstEvent: New event of firstEvent
Consumed first event: New event of firstEvent
Published firstEvent: New event of firstEvent
Consumed firstEvent: New event of firstEvent
Consumed first event: New event of firstEvent
Published thirdEvent: New event of thirdEvent
Consumed firstEvent: New event of thirdEvent
Consumed first event: New event of thirdEvent
Published secondEvent: New event of secondEvent
Consumed firstEvent: New event of secondEvent
Consumed first event: New event of secondEvent
Published thirdEvent: New event of thirdEvent
Consumed firstEvent: New event of thirdEvent
Consumed first event: New event of thirdEvent
Published secondEvent: New event of secondEvent
Consumed firstEvent: New event of secondEvent
Consumed first event: New event of secondEvent
Published firstEvent: New event of firstEvent
Consumed firstEvent: New event of firstEvent
Consumed first event: New event of firstEvent
Published firstEvent: New event of firstEvent
Consumed firstEvent: New event of firstEvent
Consumed first event: New event of firstEvent
Published firstEvent: New event of firstEvent
Consumed firstEvent: New event of firstEvent
Consumed first event: New event of firstEvent
Published thirdEvent: New event of thirdEvent
Consumed firstEvent: New event of thirdEvent
Consumed first event: New event of thirdEvent
Starting consumer for fourthEvent
Starting consumer for firstEvent
Published firstEvent: New event of firstEvent
Published firstEvent: New event of firstEvent
Published firstEvent: New event of firstEvent
Published secondEvent: New event of secondEvent
Published thirdEvent: New event of thirdEvent
Published firstEvent: New event of firstEvent
Published firstEvent: New event of firstEvent
Published firstEvent: New event of firstEvent
Published secondEvent: New event of secondEvent
Published firstEvent: New event of firstEvent
Published firstEvent: New event of firstEvent
Published firstEvent: New event of firstEvent
Published thirdEvent: New event of thirdEvent
Published firstEvent: New event of firstEvent
Published firstEvent: New event of firstEvent
Published firstEvent: New event of firstEvent
Published thirdEvent: New event of thirdEvent
Published secondEvent: New event of secondEvent
Published thirdEvent: New event of thirdEvent
Published secondEvent: New event of secondEvent
Published firstEvent: New event of firstEvent
Published firstEvent: New event of firstEvent
Published firstEvent: New event of firstEvent
Published firstEvent: New event of firstEvent
Published firstEvent: New event of firstEvent
Published firstEvent: New event of firstEvent
Published thirdEvent: New event of thirdEvent
Starting consumer for secondEvent
Starting consumer for fourthEvent
Starting consumer for firstEvent
Starting consumer for thirdEvent
Published secondEvent: New event of secondEvent
Consumed secondEvent: New event of secondEvent
Consumed second event: New event of secondEvent
Published firstEvent: New event of firstEvent
Consumed firstEvent: New event of firstEvent
Consumed first event: New event of firstEvent
Published firstEvent: New event of firstEvent
Consumed firstEvent: New event of firstEvent
Consumed first event: New event of firstEvent
Published firstEvent: New event of firstEvent
Consumed firstEvent: New event of firstEvent
Consumed first event: New event of firstEvent
Published secondEvent: New event of secondEvent
Consumed secondEvent: New event of secondEvent
Consumed second event: New event of secondEvent
Published thirdEvent: New event of thirdEvent
Consumed thirdEvent: New event of thirdEvent
Consumed third event: New event of thirdEvent
Published firstEvent: New event of firstEvent
Consumed firstEvent: New event of firstEvent
Consumed first event: New event of firstEvent
Published firstEvent: New event of firstEvent
Consumed firstEvent: New event of firstEvent
Consumed first event: New event of firstEvent
Published firstEvent: New event of firstEvent
Consumed firstEvent: New event of firstEvent
Consumed first event: New event of firstEvent
Published secondEvent: New event of secondEvent
Consumed secondEvent: New event of secondEvent
Consumed second event: New event of secondEvent
Published thirdEvent: New event of thirdEvent
Published firstEvent: New event of firstEvent
Consumed firstEvent: New event of firstEvent
Consumed first event: New event of firstEvent
Published firstEvent: New event of firstEvent
Published firstEvent: New event of firstEvent
Consumed firstEvent: New event of firstEvent
Consumed first event: New event of firstEvent
Consumed firstEvent: New event of firstEvent
Consumed first event: New event of firstEvent
Published thirdEvent: New event of thirdEvent
Starting consumer for firstEvent
Starting consumer for fourthEvent
Starting consumer for secondEvent
Starting consumer for firstEvent
Starting consumer for thirdEvent
Published firstEvent: New event of firstEvent
Consumed firstEvent: New event of firstEvent
Consumed first event: New event of firstEvent
Published secondEvent: New event of secondEvent
Consumed secondEvent: New event of secondEvent
Consumed second event: New event of secondEvent
Published firstEvent: New event of firstEvent
Consumed firstEvent: New event of firstEvent
Consumed first event: New event of firstEvent
Published firstEvent: New event of firstEvent
Consumed firstEvent: New event of firstEvent
Consumed first event: New event of firstEvent
Published thirdEvent: New event of thirdEvent
Consumed thirdEvent: New event of thirdEvent
Consumed third event: New event of thirdEvent
Published firstEvent: New event of firstEvent
Consumed firstEvent: New event of firstEvent
Consumed first event: New event of firstEvent
Published secondEvent: New event of secondEvent
Consumed secondEvent: New event of secondEvent
Consumed second event: New event of secondEvent
Published firstEvent: New event of firstEvent
Consumed firstEvent: New event of firstEvent
Consumed first event: New event of firstEvent
Published firstEvent: New event of firstEvent
Consumed firstEvent: New event of firstEvent
Consumed first event: New event of firstEvent
Published secondEvent: New event of secondEvent
Consumed secondEvent: New event of secondEvent
Consumed second event: New event of secondEvent
Published firstEvent: New event of firstEvent
Consumed firstEvent: New event of firstEvent
Consumed first event: New event of firstEvent
Published secondEvent: New event of secondEvent
Consumed secondEvent: New event of secondEvent
Consumed second event: New event of secondEvent
Published firstEvent: New event of firstEvent
Consumed firstEvent: New event of firstEvent
Consumed first event: New event of firstEvent
Published firstEvent: New event of firstEvent
Consumed firstEvent: New event of firstEvent
Consumed first event: New event of firstEvent
Published thirdEvent: New event of thirdEvent
Starting consumer for firstEvent
Starting consumer for thirdEvent
Starting consumer for firstEvent
Starting consumer for secondEvent
Starting consumer for fourthEvent
Published secondEvent: New event of secondEvent
Consumed secondEvent: New event of secondEvent
Consumed second event: New event of secondEvent
Published firstEvent: New event of firstEvent
Consumed firstEvent: New event of firstEvent
Consumed first event: New event of firstEvent
Published firstEvent: New event of firstEvent
Published thirdEvent: New event of thirdEvent
Consumed firstEvent: New event of firstEvent
Consumed thirdEvent: New event of thirdEvent
Consumed first event: New event of firstEvent
Consumed third event: New event of thirdEvent
Published secondEvent: New event of secondEvent
Consumed secondEvent: New event of secondEvent
Consumed firstEvent: New event of firstEvent
Published firstEvent: New event of firstEvent
Consumed second event: New event of secondEvent
Consumed first event: New event of firstEvent
Published fourthEvent: Triggered event.type4 from New event of thirdEvent
Consumed fourthEvent: Triggered event.type4 from New event of thirdEvent
Consumed fourth event: Triggered event.type4 from New event of thirdEvent
Published thirdEvent: New event of thirdEvent
Consumed thirdEvent: New event of thirdEvent
Consumed third event: New event of thirdEvent
Published fourthEvent: Triggered event.type4 from New event of thirdEvent
Consumed fourthEvent: Triggered event.type4 from New event of thirdEvent
Consumed fourth event: Triggered event.type4 from New event of thirdEvent
Published firstEvent: New event of firstEvent
Consumed firstEvent: New event of firstEvent
Consumed first event: New event of firstEvent
Published firstEvent: New event of firstEvent
Consumed firstEvent: New event of firstEvent
Consumed first event: New event of firstEvent
Published secondEvent: New event of secondEvent
Consumed secondEvent: New event of secondEvent
Consumed second event: New event of secondEvent
Published firstEvent: New event of firstEvent
Consumed firstEvent: New event of firstEvent
Consumed first event: New event of firstEvent
Published thirdEvent: New event of thirdEvent
Published secondEvent: New event of secondEvent
Consumed thirdEvent: New event of thirdEvent
Consumed secondEvent: New event of secondEvent
Consumed third event: New event of thirdEvent
Consumed second event: New event of secondEvent
Published fourthEvent: Triggered event.type4 from New event of thirdEvent
Consumed fourthEvent: Triggered event.type4 from New event of thirdEvent
Consumed fourth event: Triggered event.type4 from New event of thirdEvent
Published firstEvent: New event of firstEvent
Consumed firstEvent: New event of firstEvent
Consumed first event: New event of firstEvent
Published firstEvent: New event of firstEvent
Consumed firstEvent: New event of firstEvent
Consumed first event: New event of firstEvent
Published firstEvent: New event of firstEvent
Consumed firstEvent: New event of firstEvent
Consumed first event: New event of firstEvent
Published secondEvent: New event of secondEvent
Consumed secondEvent: New event of secondEvent
Consumed second event: New event of secondEvent
Published thirdEvent: New event of thirdEvent
Consumed thirdEvent: New event of thirdEvent
Consumed third event: New event of thirdEvent
Published fourthEvent: Triggered event.type4 from New event of thirdEvent
Consumed fourthEvent: Triggered event.type4 from New event of thirdEvent
Consumed fourth event: Triggered event.type4 from New event of thirdEvent
Published firstEvent: New event of firstEvent
Consumed firstEvent: New event of firstEvent
Consumed first event: New event of firstEvent
Published firstEvent: New event of firstEvent
Consumed firstEvent: New event of firstEvent
Consumed first event: New event of firstEvent
Published firstEvent: New event of firstEvent
Consumed firstEvent: New event of firstEvent
Consumed first event: New event of firstEvent
Published thirdEvent: New event of thirdEvent
Consumed thirdEvent: New event of thirdEvent
Consumed third event: New event of thirdEvent
Published fourthEvent: Triggered event.type4 from New event of thirdEvent
Consumed fourthEvent: Triggered event.type4 from New event of thirdEvent
Consumed fourth event: Triggered event.type4 from New event of thirdEvent
Published secondEvent: New event of secondEvent
Consumed secondEvent: New event of secondEvent
Consumed second event: New event of secondEvent
Published firstEvent: New event of firstEvent
Consumed firstEvent: New event of firstEvent
Consumed first event: New event of firstEvent
Published firstEvent: New event of firstEvent
Consumed firstEvent: New event of firstEvent
Consumed first event: New event of firstEvent
Published firstEvent: New event of firstEvent
Consumed firstEvent: New event of firstEvent
Consumed first event: New event of firstEvent
Published thirdEvent: New event of thirdEvent
Consumed thirdEvent: New event of thirdEvent
Consumed third event: New event of thirdEvent
Published fourthEvent: Triggered event.type4 from New event of thirdEvent
Consumed fourthEvent: Triggered event.type4 from New event of thirdEvent
Consumed fourth event: Triggered event.type4 from New event of thirdEvent
Published secondEvent: New event of secondEvent
Consumed secondEvent: New event of secondEvent
Consumed second event: New event of secondEvent
Published firstEvent: New event of firstEvent
Consumed firstEvent: New event of firstEvent
Consumed first event: New event of firstEvent
Published firstEvent: New event of firstEvent
Consumed firstEvent: New event of firstEvent
Consumed first event: New event of firstEvent
Published firstEvent: New event of firstEvent
Consumed firstEvent: New event of firstEvent
Consumed first event: New event of firstEvent
Published secondEvent: New event of secondEvent
Consumed secondEvent: New event of secondEvent
Consumed second event: New event of secondEvent
Published thirdEvent: New event of thirdEvent
Consumed thirdEvent: New event of thirdEvent
Consumed third event: New event of thirdEvent
Published secondEvent: New event of secondEvent
Consumed secondEvent: New event of secondEvent
Consumed second event: New event of secondEvent
Published fourthEvent: Triggered event.type4 from New event of thirdEvent
Consumed fourthEvent: Triggered event.type4 from New event of thirdEvent
Consumed fourth event: Triggered event.type4 from New event of thirdEvent
Published firstEvent: New event of firstEvent
Consumed firstEvent: New event of firstEvent
Consumed first event: New event of firstEvent
Published firstEvent: New event of firstEvent
Consumed firstEvent: New event of firstEvent
Consumed first event: New event of firstEvent
Published firstEvent: New event of firstEvent
Consumed firstEvent: New event of firstEvent
Consumed first event: New event of firstEvent
